










[ INFO ] 2023-07-16T20:44:10Z+0800 ] ...nvim/site/pack/packer/start/nvim-dap/lua/dap/session.lua:874 ]	"Server rejected breakpoint"	{
  id = 1,
  message = "Resolved locations: 0",
  verified = false
}
[ INFO ] 2023-07-16T20:44:31Z+0800 ] ...nvim/site/pack/packer/start/nvim-dap/lua/dap/session.lua:874 ]	"Server rejected breakpoint"	{
  id = 1,
  message = "Resolved locations: 0",
  verified = false
}
[ INFO ] 2023-07-16T20:45:11Z+0800 ] ...nvim/site/pack/packer/start/nvim-dap/lua/dap/session.lua:874 ]	"Server rejected breakpoint"	{
  id = 1,
  message = "Resolved locations: 0",
  verified = false
}
[ INFO ] 2023-07-16T20:45:40Z+0800 ] ...nvim/site/pack/packer/start/nvim-dap/lua/dap/session.lua:874 ]	"Server rejected breakpoint"	{
  id = 1,
  message = "Resolved locations: 0",
  verified = false
}
[ INFO ] 2023-07-16T20:46:45Z+0800 ] ...nvim/site/pack/packer/start/nvim-dap/lua/dap/session.lua:874 ]	"Server rejected breakpoint"	{
  id = 1,
  message = "Resolved locations: 0",
  verified = false
}
[ INFO ] 2023-07-16T20:47:41Z+0800 ] ...nvim/site/pack/packer/start/nvim-dap/lua/dap/session.lua:874 ]	"Server rejected breakpoint"	{
  id = 1,
  message = "Resolved locations: 0",
  verified = false
}
[ INFO ] 2023-07-16T20:47:41Z+0800 ] ...nvim/site/pack/packer/start/nvim-dap/lua/dap/session.lua:874 ]	"Server rejected breakpoint"	{
  id = 3,
  message = "Resolved locations: 0",
  verified = false
}
[ INFO ] 2023-07-16T20:47:56Z+0800 ] ...nvim/site/pack/packer/start/nvim-dap/lua/dap/session.lua:874 ]	"Server rejected breakpoint"	{
  id = 1,
  message = "Resolved locations: 0",
  verified = false
}
[ INFO ] 2023-07-16T20:47:56Z+0800 ] ...nvim/site/pack/packer/start/nvim-dap/lua/dap/session.lua:874 ]	"Server rejected breakpoint"	{
  id = 3,
  message = "Resolved locations: 0",
  verified = false
}
[ INFO ] 2023-07-16T20:48:22Z+0800 ] ...nvim/site/pack/packer/start/nvim-dap/lua/dap/session.lua:874 ]	"Server rejected breakpoint"	{
  id = 1,
  message = "Resolved locations: 0",
  verified = false
}
[ INFO ] 2023-07-16T20:48:22Z+0800 ] ...nvim/site/pack/packer/start/nvim-dap/lua/dap/session.lua:874 ]	"Server rejected breakpoint"	{
  id = 3,
  message = "Resolved locations: 0",
  verified = false
}

[ INFO ] 2023-07-16T20:48:51Z+0800 ] ...nvim/site/pack/packer/start/nvim-dap/lua/dap/session.lua:874 ]	"Server rejected breakpoint"	{
  id = 1,
  message = "Resolved locations: 0",
  verified = false
}
[ INFO ] 2023-07-16T20:49:35Z+0800 ] ...nvim/site/pack/packer/start/nvim-dap/lua/dap/session.lua:874 ]	"Server rejected breakpoint"	{
  id = 1,
  message = "Resolved locations: 0",
  verified = false
}
[ INFO ] 2023-07-16T20:49:35Z+0800 ] ...nvim/site/pack/packer/start/nvim-dap/lua/dap/session.lua:874 ]	"Server rejected breakpoint"	{
  id = 3,
  message = "Resolved locations: 0",
  verified = false
}

[ INFO ] 2023-07-16T20:52:53Z+0800 ] ...nvim/site/pack/packer/start/nvim-dap/lua/dap/session.lua:1712 ]	"Session closed due to disconnect"

[ INFO ] 2023-07-16T20:54:01Z+0800 ] ...nvim/site/pack/packer/start/nvim-dap/lua/dap/session.lua:1712 ]	"Session closed due to disconnect"
